<?xml version="1.0" encoding="UTF-8"?>
<testng-results ignored="0" total="3" passed="3" failed="0" skipped="0">
  <reporter-output>
  </reporter-output>
  <suite started-at="2023-01-05T12:42:08 IST" name="Suite" finished-at="2023-01-05T12:42:39 IST" duration-ms="30782">
    <groups>
    </groups>
    <test started-at="2023-01-05T12:42:08 IST" name="Test" finished-at="2023-01-05T12:42:23 IST" duration-ms="15449">
      <class name="tests.Demo">
        <test-method is-config="true" signature="beforeTest()[pri:0, instance:tests.Demo@35645047]" started-at="2023-01-05T12:42:08 IST" name="beforeTest" finished-at="2023-01-05T12:42:08 IST" duration-ms="10" status="PASS">
          <reporter-output>
          </reporter-output>
        </test-method> <!-- beforeTest -->
        <test-method is-config="true" signature="beforeClass()[pri:0, instance:tests.Demo@35645047]" started-at="2023-01-05T12:42:08 IST" name="beforeClass" finished-at="2023-01-05T12:42:08 IST" duration-ms="2" status="PASS">
          <reporter-output>
          </reporter-output>
        </test-method> <!-- beforeClass -->
        <test-method is-config="true" signature="beforeMethod()[pri:0, instance:tests.Demo@35645047]" started-at="2023-01-05T12:42:08 IST" name="beforeMethod" finished-at="2023-01-05T12:42:08 IST" duration-ms="0" status="PASS">
          <reporter-output>
          </reporter-output>
        </test-method> <!-- beforeMethod -->
        <test-method is-config="true" signature="beforeMethod()[pri:0, instance:tests.Demo@35645047]" started-at="2023-01-05T12:42:08 IST" name="beforeMethod" finished-at="2023-01-05T12:42:08 IST" duration-ms="0" status="PASS">
          <reporter-output>
          </reporter-output>
        </test-method> <!-- beforeMethod -->
        <test-method signature="one()[pri:2, instance:tests.Demo@35645047]" started-at="2023-01-05T12:42:08 IST" name="one" description="Test case no 1" finished-at="2023-01-05T12:42:23 IST" duration-ms="15073" status="PASS">
          <reporter-output>
          </reporter-output>
        </test-method> <!-- one -->
        <test-method signature="two()[pri:1, instance:tests.Demo@35645047]" started-at="2023-01-05T12:42:08 IST" name="two" description="Test case no 2" finished-at="2023-01-05T12:42:23 IST" duration-ms="15073" status="PASS">
          <reporter-output>
          </reporter-output>
        </test-method> <!-- two -->
      </class> <!-- tests.Demo -->
    </test> <!-- Test -->
    <test started-at="2023-01-05T12:42:24 IST" name="Test2" finished-at="2023-01-05T12:42:39 IST" duration-ms="15063">
      <class name="tests.Demo2">
        <test-method is-config="true" signature="beforeTest()[pri:0, instance:tests.Demo2@8576fa0]" started-at="2023-01-05T12:42:24 IST" name="beforeTest" finished-at="2023-01-05T12:42:24 IST" duration-ms="1" status="PASS">
          <reporter-output>
          </reporter-output>
        </test-method> <!-- beforeTest -->
        <test-method is-config="true" signature="beforeClass()[pri:0, instance:tests.Demo2@8576fa0]" started-at="2023-01-05T12:42:24 IST" name="beforeClass" finished-at="2023-01-05T12:42:24 IST" duration-ms="1" status="PASS">
          <reporter-output>
          </reporter-output>
        </test-method> <!-- beforeClass -->
        <test-method is-config="true" signature="beforeMethod()[pri:0, instance:tests.Demo2@8576fa0]" started-at="2023-01-05T12:42:24 IST" name="beforeMethod" finished-at="2023-01-05T12:42:24 IST" duration-ms="1" status="PASS">
          <reporter-output>
          </reporter-output>
        </test-method> <!-- beforeMethod -->
        <test-method is-config="true" signature="beforeMethod()[pri:0, instance:tests.Demo2@8576fa0]" started-at="2023-01-05T12:42:24 IST" name="beforeMethod" finished-at="2023-01-05T12:42:24 IST" duration-ms="1" status="PASS">
          <reporter-output>
          </reporter-output>
        </test-method> <!-- beforeMethod -->
        <test-method signature="three()[pri:1, instance:tests.Demo2@8576fa0]" started-at="2023-01-05T12:42:24 IST" name="three" description="Test case no 2" finished-at="2023-01-05T12:42:39 IST" duration-ms="15002" status="PASS">
          <reporter-output>
          </reporter-output>
        </test-method> <!-- three -->
      </class> <!-- tests.Demo2 -->
    </test> <!-- Test2 -->
  </suite> <!-- Suite -->
</testng-results>
