<?xml version="1.0" encoding="UTF-8"?>
<testng-results ignored="0" total="1" passed="1" failed="0" skipped="0">
  <reporter-output>
  </reporter-output>
  <suite started-at="2022-12-29T10:20:57 IST" name="Default suite" finished-at="2022-12-29T10:27:05 IST" duration-ms="367767">
    <groups>
    </groups>
    <test started-at="2022-12-29T10:20:57 IST" name="Default test" finished-at="2022-12-29T10:27:05 IST" duration-ms="367767">
      <class name="tests.TC_Purplle_002">
        <test-method is-config="true" signature="staringServer()[pri:0, instance:tests.TC_Purplle_002@17d88132]" started-at="2022-12-29T10:20:54 IST" name="staringServer" finished-at="2022-12-29T10:20:57 IST" duration-ms="3451" status="PASS">
          <reporter-output>
          </reporter-output>
        </test-method> <!-- staringServer -->
        <test-method is-config="true" signature="openApp()[pri:0, instance:tests.TC_Purplle_002@17d88132]" started-at="2022-12-29T10:20:58 IST" name="openApp" finished-at="2022-12-29T10:20:58 IST" duration-ms="1" status="PASS">
          <reporter-output>
          </reporter-output>
        </test-method> <!-- openApp -->
        <test-method is-config="true" signature="loginApp()[pri:0, instance:tests.TC_Purplle_002@17d88132]" started-at="2022-12-29T10:20:58 IST" name="loginApp" finished-at="2022-12-29T10:21:09 IST" duration-ms="10540" status="PASS">
          <reporter-output>
          </reporter-output>
        </test-method> <!-- loginApp -->
        <test-method signature="addProductToCartTest(java.lang.String, java.lang.String, java.lang.String, java.lang.String, java.lang.String, java.lang.String, java.lang.String, java.lang.String, java.lang.String, java.lang.String)[pri:0, instance:tests.TC_Purplle_002@17d88132]" started-at="2022-12-29T10:21:09 IST" name="addProductToCartTest" data-provider="ReadVariant2" finished-at="2022-12-29T10:27:00 IST" duration-ms="350893" status="PASS">
          <params>
            <param index="0">
              <value>
                <![CDATA[Skin Care]]>
              </value>
            </param>
            <param index="1">
              <value>
                <![CDATA[Moisturizers]]>
              </value>
            </param>
            <param index="2">
              <value>
                <![CDATA[Face Moisturizers & Day Creams]]>
              </value>
            </param>
            <param index="3">
              <value>
                <![CDATA[Good Vibes]]>
              </value>
            </param>
            <param index="4">
              <value>
                <![CDATA[Good Vibes Rosehip Moisture Rich Face Cream | Lightening, Nourishing | With Jojoba Oil | No Parabens, No Sulphates, No Mineral Oil (50 g)]]>
              </value>
            </param>
            <param index="5">
              <value>
                <![CDATA[Skin Care]]>
              </value>
            </param>
            <param index="6">
              <value>
                <![CDATA[Moisturizers]]>
              </value>
            </param>
            <param index="7">
              <value>
                <![CDATA[Serums & Essences]]>
              </value>
            </param>
            <param index="8">
              <value>
                <![CDATA[Good Vibes]]>
              </value>
            </param>
            <param index="9">
              <value>
                <![CDATA[Good Vibes Vitamin C & B3 Skin Glow Face Serum | With Orange | Easy Absorption | No Parabens, No Silicones, No Sulphates, No Animal Testing (10 ml)]]>
              </value>
            </param>
          </params>
          <reporter-output>
          </reporter-output>
        </test-method> <!-- addProductToCartTest -->
        <test-method is-config="true" signature="logoutApp()[pri:0, instance:tests.TC_Purplle_002@17d88132]" started-at="2022-12-29T10:27:00 IST" name="logoutApp" finished-at="2022-12-29T10:27:00 IST" duration-ms="477" status="PASS">
          <reporter-output>
          </reporter-output>
        </test-method> <!-- logoutApp -->
        <test-method is-config="true" signature="closeApp()[pri:0, instance:tests.TC_Purplle_002@17d88132]" started-at="2022-12-29T10:27:00 IST" name="closeApp" finished-at="2022-12-29T10:27:05 IST" duration-ms="5015" status="PASS">
          <reporter-output>
          </reporter-output>
        </test-method> <!-- closeApp -->
        <test-method is-config="true" signature="stopingServer()[pri:0, instance:tests.TC_Purplle_002@17d88132]" started-at="2022-12-29T10:27:06 IST" name="stopingServer" finished-at="2022-12-29T10:27:06 IST" duration-ms="57" status="PASS">
          <reporter-output>
          </reporter-output>
        </test-method> <!-- stopingServer -->
      </class> <!-- tests.TC_Purplle_002 -->
    </test> <!-- Default test -->
  </suite> <!-- Default suite -->
</testng-results>
